events.js:174
      throw er; // Unhandled 'error' event
      ^

Error: listen EADDRINUSE: address already in use :::2020
    at Server.setupListenHandle [as _listen2] (net.js:1279:14)
    at listenInCluster (net.js:1327:12)
    at Server.listen (net.js:1414:7)
    at Function.listen (E:\_Projetos WEB\ConsultaPrecoAPP\backNode\node_modules\express\lib\application.js:618:24)
    at Object.<anonymous> (E:\_Projetos WEB\ConsultaPrecoAPP\backNode\Server.js:11:5)
    at Module._compile (internal/modules/cjs/loader.js:778:30)
    at Object.Module._extensions..js (internal/modules/cjs/loader.js:789:10)
    at Module.load (internal/modules/cjs/loader.js:653:32)
    at tryModuleLoad (internal/modules/cjs/loader.js:593:12)
    at Function.Module._load (internal/modules/cjs/loader.js:585:3)
Emitted 'error' event at:
    at emitErrorNT (net.js:1306:8)
    at process._tickCallback (internal/process/next_tick.js:63:19)
    at Function.Module.runMain (internal/modules/cjs/loader.js:834:11)
    at startup (internal/bootstrap/node.js:283:19)
    at bootstrapNodeJSCore (internal/bootstrap/node.js:622:3)
events.js:174
      throw er; // Unhandled 'error' event
      ^

Error: listen EADDRINUSE: address already in use :::2020
    at Server.setupListenHandle [as _listen2] (net.js:1279:14)
    at listenInCluster (net.js:1327:12)
    at Server.listen (net.js:1414:7)
    at Function.listen (E:\_Projetos WEB\ConsultaPrecoAPP\backNode\node_modules\express\lib\application.js:618:24)
    at Object.<anonymous> (E:\_Projetos WEB\ConsultaPrecoAPP\backNode\Server.js:11:5)
    at Module._compile (internal/modules/cjs/loader.js:778:30)
    at Object.Module._extensions..js (internal/modules/cjs/loader.js:789:10)
    at Module.load (internal/modules/cjs/loader.js:653:32)
    at tryModuleLoad (internal/modules/cjs/loader.js:593:12)
    at Function.Module._load (internal/modules/cjs/loader.js:585:3)
Emitted 'error' event at:
    at emitErrorNT (net.js:1306:8)
    at process._tickCallback (internal/process/next_tick.js:63:19)
    at Function.Module.runMain (internal/modules/cjs/loader.js:834:11)
    at startup (internal/bootstrap/node.js:283:19)
    at bootstrapNodeJSCore (internal/bootstrap/node.js:622:3)
events.js:174
      throw er; // Unhandled 'error' event
      ^

Error: listen EADDRINUSE: address already in use :::2020
    at Server.setupListenHandle [as _listen2] (net.js:1279:14)
    at listenInCluster (net.js:1327:12)
    at Server.listen (net.js:1414:7)
    at Function.listen (E:\_Projetos WEB\ConsultaPrecoAPP\backNode\node_modules\express\lib\application.js:618:24)
    at Object.<anonymous> (E:\_Projetos WEB\ConsultaPrecoAPP\backNode\Server.js:11:5)
    at Module._compile (internal/modules/cjs/loader.js:778:30)
    at Object.Module._extensions..js (internal/modules/cjs/loader.js:789:10)
    at Module.load (internal/modules/cjs/loader.js:653:32)
    at tryModuleLoad (internal/modules/cjs/loader.js:593:12)
    at Function.Module._load (internal/modules/cjs/loader.js:585:3)
Emitted 'error' event at:
    at emitErrorNT (net.js:1306:8)
    at process._tickCallback (internal/process/next_tick.js:63:19)
    at Function.Module.runMain (internal/modules/cjs/loader.js:834:11)
    at startup (internal/bootstrap/node.js:283:19)
    at bootstrapNodeJSCore (internal/bootstrap/node.js:622:3)
E:\_Projetos WEB\ConsultaPrecoAPP\backNode\node_modules\node-windows\lib\wrapper.js:177
    child.send('shutdown');
          ^

TypeError: Cannot read property 'send' of null
    at process.killkid (E:\_Projetos WEB\ConsultaPrecoAPP\backNode\node_modules\node-windows\lib\wrapper.js:177:11)
    at process.emit (events.js:198:13)
    at process.exit (internal/process/per_thread.js:168:15)
    at monitor (E:\_Projetos WEB\ConsultaPrecoAPP\backNode\node_modules\node-windows\lib\wrapper.js:99:17)
    at ChildProcess.<anonymous> (E:\_Projetos WEB\ConsultaPrecoAPP\backNode\node_modules\node-windows\lib\wrapper.js:170:5)
    at ChildProcess.emit (events.js:198:13)
    at Process.ChildProcess._handle.onexit (inxit (in