On port 3000!
Time:  9:46
Time:  10:59
Time:  10:59
{ codBarras: '040232802157' }
undefined
Time:  11:0
{ codBarras: '040232802157' }
undefined
Time:  11:0
{ codBarras: '040232802157' }
undefined
Time:  11:1
On port 3000!
Time:  20:40
Time:  20:40
{ codBarras: '7896213000448' }
07896213000448
undefined
Time:  20:54
Time:  20:58
{ codBarras: '2820213000448' }
02820213000448
undefined
Time:  20:59
{ codBarras: '7891152501544' }
07891152501544
undefined
Time:  20:59
{ codBarras: '7891000061190' }
07891000061190
undefined
Time:  21:35
{ codBarras: '7896213000448' }
07896213000448
{ PROCOD: '00000000000039                                          ',
  PRODES:
   'NUTS BAR CASTANHA E SEMENTES SM 30X2X25G BANANA BRASIL 60887',
  PROUNID: 'UN          ',
  PROPRCVDAVAR: 4.21,
  ESTATU: 0 }
Time:  21:36
Solicitacao de Ajuste: barras 07896213000448
Time:  21:36
{ codBarras: '7896213000448' }
07896213000448
{ PROCOD: '00000000000039                                          ',
  PRODES:
   'NUTS BAR CASTANHA E SEMENTES SM 30X2X25G BANANA BRASIL 60887',
  PROUNID: 'UN          ',
  PROPRCVDAVAR: 4.21,
  ESTATU: 10 }
Time:  21:36
Solicitacao de Ajuste: barras 07896213000448
Time:  22:4
Time:  22:4
Time:  22:5
Time:  22:5
{ codBarras: '7896213000448' }
07896213000448
{ PROCOD: '00000000000039                                          ',
  PRODES:
   'NUTS BAR CASTANHA E SEMENTES SM 30X2X25G BANANA BRASIL 60887',
  PROUNID: 'UN          ',
  PROPRCVDAVAR: 4.21,
  ESTATU: 0 }
Time:  22:5
Solicitacao de Ajuste: barras 07896213000448
Time:  22:6
{ codBarras: '7896213000448' }
07896213000448
{ PROCOD: '00000000000039                                          ',
  PRODES:
   'NUTS BAR CASTANHA E SEMENTES SM 30X2X25G BANANA BRASIL 60887',
  PROUNID: 'UN          ',
  PROPRCVDAVAR: 4.21,
  ESTATU: 50 }
Time:  22:6
Solicitacao de Ajuste: barras 07896213000448
Time:  23:1
{ codBarras: '7891000061190' }
07891000061190
{ PROCOD: '00000000000046                                          ',
  PRODES: 'ACHOC PO NESCAU 2.0 LT 200G',
  PROUNID: 'UN          ',
  PROPRCVDAVAR: 2.99,
  ESTATU: 0 }
Time:  23:1
Solicitacao de Ajuste: barras 07891000061190
Time:  23:34
{ codBarras: '7891152501544' }
07891152501544
undefined
Time:  23:35
{ codBarras: '7891152501544' }
07891152501544
{ PROCOD: '00000000000047                                          ',
  PRODES: 'MARGARINA PURO SABOR 500G',
  PROUNID: 'UN          ',
  PROPRCVDAVAR: 3.8,
  ESTATU: 0 }
Time:  10:12
Time:  10:17
Time:  10:19
{ codBarras: '040232802157' }
00040232802157
{ PROCOD: '00000000000045                                          ',
  PRODES: 'COALHADA ADOC DESNATADA VALEDOUR.25X140G',
  PROUNID: 'UN          ',
  PROPRCVDAVAR: 30.12,
  ESTATU: 30 }
Time:  10:19
Solicitacao de Ajuste: barras 00040232802157
Time:  17:42
On port 3000!
Time:  8:57
Time:  8:57
Time:  8:58
{ codBarras: '7891035800214' }
07891035800214
undefined
Time:  8:59
{ codBarras: '4891445800814' }
04891445800814
undefined
Time:  9:0
On port 2020!
Time:  0:58
Time:  0:59
{ codBarras: '7895690112548' }
07895690112548
undefined
Time:  1:42
Time:  1:42
{ codBarras: '8775555585545' }
08775555585545
undefined
